mode: set
github.com/nuts-foundation/go-did/internal/marshal/marshal.go:6.84,8.55 2 1
github.com/nuts-foundation/go-did/internal/marshal/marshal.go:11.2,11.41 1 1
github.com/nuts-foundation/go-did/internal/marshal/marshal.go:14.2,14.26 1 1
github.com/nuts-foundation/go-did/internal/marshal/marshal.go:8.55,10.3 1 0
github.com/nuts-foundation/go-did/internal/marshal/marshal.go:11.41,13.3 1 1
github.com/nuts-foundation/go-did/internal/marshal/marshal.go:22.57,23.40 1 1
github.com/nuts-foundation/go-did/internal/marshal/marshal.go:23.40,24.23 1 1
github.com/nuts-foundation/go-did/internal/marshal/marshal.go:24.23,25.18 1 1
github.com/nuts-foundation/go-did/internal/marshal/marshal.go:25.18,28.5 2 1
github.com/nuts-foundation/go-did/internal/marshal/marshal.go:41.36,42.40 1 1
github.com/nuts-foundation/go-did/internal/marshal/marshal.go:42.40,43.70 1 1
github.com/nuts-foundation/go-did/internal/marshal/marshal.go:43.70,45.4 1 1
github.com/nuts-foundation/go-did/internal/marshal/marshal.go:51.38,52.40 1 0
github.com/nuts-foundation/go-did/internal/marshal/marshal.go:52.40,53.54 1 0
github.com/nuts-foundation/go-did/internal/marshal/marshal.go:53.54,55.4 1 0
github.com/nuts-foundation/go-did/internal/marshal/marshal.go:61.46,62.40 1 0
github.com/nuts-foundation/go-did/internal/marshal/marshal.go:62.40,64.19 2 0
github.com/nuts-foundation/go-did/internal/marshal/marshal.go:64.19,66.4 1 0
github.com/nuts-foundation/go-did/internal/marshal/marshal.go:66.9,66.63 1 0
github.com/nuts-foundation/go-did/internal/marshal/marshal.go:66.63,68.4 1 0
github.com/nuts-foundation/go-did/internal/marshal/marshal.go:68.9,68.59 1 0
github.com/nuts-foundation/go-did/internal/marshal/marshal.go:68.59,70.4 1 0
github.com/nuts-foundation/go-did/vc.go:40.58,47.16 3 1
github.com/nuts-foundation/go-did/vc.go:51.2,52.20 2 1
github.com/nuts-foundation/go-did/vc.go:47.16,49.3 1 0
github.com/nuts-foundation/go-did/vc.go:55.62,58.48 3 0
github.com/nuts-foundation/go-did/vc.go:58.48,60.3 1 0
github.com/nuts-foundation/go-did/vc.go:60.8,62.3 1 0
github.com/nuts-foundation/go-did/vc.go:65.63,68.16 3 1
github.com/nuts-foundation/go-did/vc.go:71.2,73.16 3 1
github.com/nuts-foundation/go-did/vc.go:76.2,77.12 2 1
github.com/nuts-foundation/go-did/vc.go:68.16,70.3 1 0
github.com/nuts-foundation/go-did/vc.go:73.16,75.3 1 0
github.com/nuts-foundation/go-did/vc.go:82.78,83.55 1 1
github.com/nuts-foundation/go-did/vc.go:83.55,85.3 1 0
github.com/nuts-foundation/go-did/vc.go:85.8,87.3 1 1
github.com/nuts-foundation/go-did/vc.go:91.85,92.67 1 1
github.com/nuts-foundation/go-did/vc.go:92.67,94.3 1 0
github.com/nuts-foundation/go-did/vc.go:94.8,96.3 1 1
github.com/nuts-foundation/go-did/did.go:16.27,18.2 1 1
github.com/nuts-foundation/go-did/did.go:21.30,23.2 1 1
github.com/nuts-foundation/go-did/did.go:27.37,29.2 1 1
github.com/nuts-foundation/go-did/did.go:33.49,36.16 3 1
github.com/nuts-foundation/go-did/did.go:39.2,40.16 2 1
github.com/nuts-foundation/go-did/did.go:43.2,44.12 2 1
github.com/nuts-foundation/go-did/did.go:36.16,38.3 1 0
github.com/nuts-foundation/go-did/did.go:40.16,42.3 1 0
github.com/nuts-foundation/go-did/did.go:48.44,51.2 2 1
github.com/nuts-foundation/go-did/did.go:54.43,56.16 2 1
github.com/nuts-foundation/go-did/did.go:60.2,60.32 1 1
github.com/nuts-foundation/go-did/did.go:56.16,58.3 1 0
github.com/nuts-foundation/go-did/document.go:30.62,36.2 2 1
github.com/nuts-foundation/go-did/document.go:40.67,46.2 2 0
github.com/nuts-foundation/go-did/document.go:51.76,52.43 1 1
github.com/nuts-foundation/go-did/document.go:63.2,63.26 1 1
github.com/nuts-foundation/go-did/document.go:66.2,66.56 1 1
github.com/nuts-foundation/go-did/document.go:52.43,54.15 1 1
github.com/nuts-foundation/go-did/document.go:58.3,58.26 1 1
github.com/nuts-foundation/go-did/document.go:54.15,56.4 1 1
github.com/nuts-foundation/go-did/document.go:58.26,60.4 1 1
github.com/nuts-foundation/go-did/document.go:63.26,65.3 1 1
github.com/nuts-foundation/go-did/document.go:69.49,72.48 3 1
github.com/nuts-foundation/go-did/document.go:72.48,74.3 1 0
github.com/nuts-foundation/go-did/document.go:74.8,76.3 1 1
github.com/nuts-foundation/go-did/document.go:79.50,82.16 3 1
github.com/nuts-foundation/go-did/document.go:85.2,87.16 3 1
github.com/nuts-foundation/go-did/document.go:90.2,92.96 2 1
github.com/nuts-foundation/go-did/document.go:95.2,95.97 1 1
github.com/nuts-foundation/go-did/document.go:98.2,98.12 1 1
github.com/nuts-foundation/go-did/document.go:82.16,84.3 1 0
github.com/nuts-foundation/go-did/document.go:87.16,89.3 1 0
github.com/nuts-foundation/go-did/document.go:92.96,94.3 1 0
github.com/nuts-foundation/go-did/document.go:95.97,97.3 1 0
github.com/nuts-foundation/go-did/document.go:108.48,111.48 3 1
github.com/nuts-foundation/go-did/document.go:111.48,113.3 1 0
github.com/nuts-foundation/go-did/document.go:113.8,115.3 1 1
github.com/nuts-foundation/go-did/document.go:118.52,120.16 2 1
github.com/nuts-foundation/go-did/document.go:123.2,125.64 3 1
github.com/nuts-foundation/go-did/document.go:128.2,129.12 2 1
github.com/nuts-foundation/go-did/document.go:120.16,122.3 1 0
github.com/nuts-foundation/go-did/document.go:125.64,127.3 1 0
github.com/nuts-foundation/go-did/document.go:133.69,135.79 2 1
github.com/nuts-foundation/go-did/document.go:140.2,140.61 1 1
github.com/nuts-foundation/go-did/document.go:135.79,137.3 1 1
github.com/nuts-foundation/go-did/document.go:137.8,139.3 1 1
github.com/nuts-foundation/go-did/document.go:140.61,142.3 1 0
github.com/nuts-foundation/go-did/document.go:142.8,144.3 1 1
github.com/nuts-foundation/go-did/document.go:158.120,165.31 2 1
github.com/nuts-foundation/go-did/document.go:176.2,176.43 1 1
github.com/nuts-foundation/go-did/document.go:185.2,185.16 1 1
github.com/nuts-foundation/go-did/document.go:165.31,167.17 2 1
github.com/nuts-foundation/go-did/document.go:170.3,171.17 2 1
github.com/nuts-foundation/go-did/document.go:174.3,174.29 1 1
github.com/nuts-foundation/go-did/document.go:167.17,169.4 1 0
github.com/nuts-foundation/go-did/document.go:171.17,173.4 1 0
github.com/nuts-foundation/go-did/document.go:176.43,178.10 2 1
github.com/nuts-foundation/go-did/document.go:181.3,182.34 2 1
github.com/nuts-foundation/go-did/document.go:178.10,180.4 1 0
github.com/nuts-foundation/go-did/document.go:189.52,190.27 1 1
github.com/nuts-foundation/go-did/document.go:193.2,195.16 3 1
github.com/nuts-foundation/go-did/document.go:198.2,198.17 1 1
github.com/nuts-foundation/go-did/document.go:190.27,192.3 1 0
github.com/nuts-foundation/go-did/document.go:195.16,197.3 1 0
github.com/nuts-foundation/go-did/document.go:201.67,203.16 2 0
github.com/nuts-foundation/go-did/document.go:221.2,221.64 1 0
github.com/nuts-foundation/go-did/document.go:204.34,206.17 2 0
github.com/nuts-foundation/go-did/document.go:209.3,209.42 1 0
github.com/nuts-foundation/go-did/document.go:210.22,212.17 2 0
github.com/nuts-foundation/go-did/document.go:215.3,216.17 2 0
github.com/nuts-foundation/go-did/document.go:219.3,219.21 1 0
github.com/nuts-foundation/go-did/document.go:206.17,208.4 1 0
github.com/nuts-foundation/go-did/document.go:212.17,214.4 1 0
github.com/nuts-foundation/go-did/document.go:216.17,218.4 1 0
github.com/nuts-foundation/go-did/document.go:230.65,231.25 1 1
github.com/nuts-foundation/go-did/document.go:231.25,233.3 1 0
github.com/nuts-foundation/go-did/document.go:233.8,235.3 1 1
github.com/nuts-foundation/go-did/document.go:238.66,241.14 2 1
github.com/nuts-foundation/go-did/document.go:257.2,257.12 1 1
github.com/nuts-foundation/go-did/document.go:242.11,245.17 3 1
github.com/nuts-foundation/go-did/document.go:248.3,248.39 1 1
github.com/nuts-foundation/go-did/document.go:249.11,251.17 2 1
github.com/nuts-foundation/go-did/document.go:254.10,255.55 1 0
github.com/nuts-foundation/go-did/document.go:245.17,247.4 1 0
github.com/nuts-foundation/go-did/document.go:251.17,253.4 1 0
github.com/nuts-foundation/go-did/document.go:260.64,264.16 4 1
github.com/nuts-foundation/go-did/document.go:267.2,268.12 2 1
github.com/nuts-foundation/go-did/document.go:264.16,266.3 1 0
github.com/nuts-foundation/go-did/document.go:271.118,272.45 1 1
github.com/nuts-foundation/go-did/document.go:283.2,283.12 1 1
github.com/nuts-foundation/go-did/document.go:272.45,273.37 1 1
github.com/nuts-foundation/go-did/document.go:276.3,276.100 1 1
github.com/nuts-foundation/go-did/document.go:273.37,274.12 1 0
github.com/nuts-foundation/go-did/document.go:276.100,278.4 1 0
github.com/nuts-foundation/go-did/document.go:278.9,281.4 2 1
github.com/nuts-foundation/go-did/document.go:286.110,287.33 1 1
github.com/nuts-foundation/go-did/document.go:292.2,292.12 1 0
github.com/nuts-foundation/go-did/document.go:287.33,288.34 1 1
github.com/nuts-foundation/go-did/document.go:288.34,290.4 1 1
github.com/nuts-foundation/go-did/resolver.go:9.38,11.2 1 0
github.com/nuts-foundation/go-did/spec-registries.go:7.28,8.63 1 0
github.com/nuts-foundation/go-did/spec-registries.go:8.63,9.13 1 0
github.com/nuts-foundation/go-did/spec-registries.go:10.8,12.3 1 0
github.com/nuts-foundation/go-did/types.go:14.44,16.2 1 1
github.com/nuts-foundation/go-did/types.go:18.49,20.54 2 1
github.com/nuts-foundation/go-did/types.go:23.2,24.16 2 1
github.com/nuts-foundation/go-did/types.go:27.2,28.12 2 1
github.com/nuts-foundation/go-did/types.go:20.54,22.3 1 0
github.com/nuts-foundation/go-did/types.go:24.16,26.3 1 0
